<?xml version="1.0" encoding="UTF-8"?>
<!-- Generated by org.testng.reporters.JUnitReportReporter -->
<testsuite hostname="bcedbeecedcdbbeacdbfedabbfbadaffdafa-0" failures="0" tests="4" name="runner.Testcase1" time="43.262" errors="0" timestamp="2023-08-25T06:06:21 UTC" skipped="0">
  <testcase classname="runner.Testcase1" name="addLowCostGiftCard" time="9.111"/>
  <testcase classname="runner.Testcase1" name="TestCheckButton" time="10.408"/>
  <testcase classname="runner.Testcase1" name="TestCheckout" time="18.892"/>
  <testcase classname="runner.Testcase1" name="Booksearch" time="4.851"/>
</testsuite> <!-- runner.Testcase1 -->
