<?xml version="1.0" encoding="UTF-8"?>
<!-- Generated by org.testng.reporters.JUnitReportReporter -->
<testsuite hostname="bcedbeecedcdbbeacdbfedabbfbadaffdafa-0" failures="0" tests="4" name="runner.Testcase1" time="44.568" errors="0" timestamp="2023-08-24T13:39:12 UTC" skipped="0">
  <testcase classname="runner.Testcase1" name="addLowCostGiftCard" time="9.242"/>
  <testcase classname="runner.Testcase1" name="TestCheckButton" time="10.421"/>
  <testcase classname="runner.Testcase1" name="TestCheckout" time="19.171"/>
  <testcase classname="runner.Testcase1" name="Booksearch" time="5.734"/>
</testsuite> <!-- runner.Testcase1 -->
